2025-02-26 20:08:24,253 - INFO - Starting receiving server...
2025-02-26 20:08:24,253 - INFO - Server listening on 192.168.1.3:9000
2025-02-26 20:08:24,253 - INFO - Waiting for connection...
2025-02-26 20:08:27,728 - INFO - Got a connection from ('192.168.1.3', 46704)
2025-02-26 20:08:27,728 - INFO - Connection closed. Received 64 bytes in 1 chunks
2025-02-26 20:08:27,728 - INFO - Data decoded successfully, length: 64
2025-02-26 20:08:27,728 - INFO - First 100 chars of data: [{"test": "message", "timestamp": "2025-02-26T20:08:27.727716"}]
2025-02-26 20:08:27,728 - INFO - Attempting to parse JSON data
2025-02-26 20:08:27,734 - INFO - JSON parsed successfully. DataFrame shape: (1, 2)
2025-02-26 20:08:27,735 - INFO - Data saved to received/received_data_20250226_200827.csv
2025-02-26 20:08:27,735 - INFO - Raw sample saved to received/raw_sample_20250226_200827.json
2025-02-26 20:08:27,735 - INFO - Waiting for connection...
2025-02-26 20:08:28,527 - INFO - Got a connection from ('192.168.1.3', 46710)
2025-02-26 20:08:28,527 - INFO - Received 10 chunks (81920 bytes) so far
2025-02-26 20:08:28,528 - INFO - Received 20 chunks (163840 bytes) so far
2025-02-26 20:08:28,528 - INFO - Received 30 chunks (245760 bytes) so far
2025-02-26 20:08:28,528 - INFO - Received 40 chunks (327680 bytes) so far
2025-02-26 20:08:28,529 - INFO - Received 50 chunks (409600 bytes) so far
2025-02-26 20:08:28,529 - INFO - Connection closed. Received 420444 bytes in 52 chunks
2025-02-26 20:08:28,529 - INFO - Data decoded successfully, length: 420444
2025-02-26 20:08:28,529 - INFO - First 100 chars of data: [{"id.resp_p":443.0,"id.orig_h":"192.168.1.3","id.resp_h":"104.98.115.154","proto":"udp","orig_bytes
2025-02-26 20:08:28,529 - INFO - Attempting to parse JSON data
2025-02-26 20:08:28,548 - INFO - JSON parsed successfully. DataFrame shape: (858, 23)
2025-02-26 20:08:28,556 - INFO - Data saved to received/received_data_20250226_200828.csv
2025-02-26 20:08:28,556 - INFO - Raw sample saved to received/raw_sample_20250226_200828.json
2025-02-26 20:08:28,556 - INFO - Waiting for connection...
2025-02-26 20:10:02,263 - INFO - Server stopped by user
2025-02-26 20:10:02,263 - INFO - Server socket closed
